<?xml version="1.0" encoding="UTF-8"?>
<!-- Generated by org.testng.reporters.JUnitReportReporter -->
<testsuite hostname="RAKESH-PC" name="test.NewTest" tests="1" failures="0" timestamp="23 Feb 2014 03:05:23 GMT" time="0.016" errors="0">
  <testcase name="f" time="0.016" classname="test.NewTest"/>
</testsuite> <!-- test.NewTest -->
