<?xml version="1.0" encoding="UTF-8"?>
<!-- Generated by org.testng.reporters.JUnitReportReporter -->
<testsuite hostname="Admin-PC" name="Pkg.NewTest" tests="2" failures="0" timestamp="17 Apr 2015 06:58:25 GMT" time="0.000" errors="0">
  <testcase name="Login" time="0.000" classname="Pkg.NewTest"/>
  <testcase name="CreateLead" time="0.000" classname="Pkg.NewTest"/>
</testsuite>
