<?xml version="1.0" encoding="UTF-8"?>
<!-- Generated by org.testng.reporters.JUnitReportReporter -->
<testsuite hostname="RAKESH-PC" name="Pkg.Parameterization_test" tests="2" failures="0" timestamp="23 Feb 2014 03:35:15 GMT" time="33.239" errors="0">
  <testcase name="login_test" time="17.253" classname="Pkg.Parameterization_test"/>
  <testcase name="login_test" time="15.986" classname="Pkg.Parameterization_test"/>
</testsuite> <!-- Pkg.Parameterization_test -->
